<list>
  <com.axibase.tsd.model.csv.WizardBasedCsvConfiguration>
    <name>test-atsd-_g-forecast-viewer-parser</name>
    <enabled>true</enabled>
    <delimiter>,</delimiter>
    <recordDelimiter>&#xd;</recordDelimiter>
    <padding></padding>
    <comment>#</comment>
    <textQualifier>&quot;</textQualifier>
    <decimalSeparator>.</decimalSeparator>
    <groupingSeparator>,</groupingSeparator>
    <skipLines>0</skipLines>
    <processEvents>false</processEvents>
    <ignoreParseErrors>true</ignoreParseErrors>
    <timeZone>UTC</timeZone>
    <header/>
    <commandType>SERIES</commandType>
    <columns class="java.util.Arrays$ArrayList">
      <a class="com.axibase.tsd.service.csv.WizardBasedCsvColumn-array">
        <com.axibase.tsd.service.csv.WizardBasedCsvColumn>
          <semanticType class="com.axibase.tsd.model.csv.csvtype.SeriesSemanticType">SERIES_TIMESTAMP</semanticType>
          <column>Timestamp</column>
          <key>yyyy-MM-dd HH:mm:ss</key>
        </com.axibase.tsd.service.csv.WizardBasedCsvColumn>
        <com.axibase.tsd.service.csv.WizardBasedCsvColumn>
          <semanticType class="com.axibase.tsd.model.csv.csvtype.SeriesSemanticType">SERIES_ENTITY</semanticType>
          <column>Entity</column>
        </com.axibase.tsd.service.csv.WizardBasedCsvColumn>
        <com.axibase.tsd.service.csv.WizardBasedCsvColumn>
          <semanticType class="com.axibase.tsd.model.csv.csvtype.SeriesSemanticType">SERIES_METRIC</semanticType>
          <column>Value</column>
          <key>${Metric}</key>
        </com.axibase.tsd.service.csv.WizardBasedCsvColumn>
        <com.axibase.tsd.service.csv.WizardBasedCsvColumn>
          <semanticType class="com.axibase.tsd.model.csv.csvtype.SeriesSemanticType">SERIES_TAGS</semanticType>
          <column>host</column>
          <key>host</key>
        </com.axibase.tsd.service.csv.WizardBasedCsvColumn>
        <com.axibase.tsd.service.csv.WizardBasedCsvColumn>
          <semanticType class="com.axibase.tsd.model.csv.csvtype.SeriesSemanticType">SERIES_TAGS</semanticType>
          <column>name</column>
          <key>name</key>
        </com.axibase.tsd.service.csv.WizardBasedCsvColumn>
      </a>
    </columns>
    <encoding>UTF-8</encoding>
    <headerType>FIRST_LINE</headerType>
    <ignoredNanPatterns/>
    <nullPatterns class="empty-set"/>
    <csvExampleInOriginalEncoding>VGltZXN0YW1wLFZhbHVlLE1ldHJpYyxFbnRpdHksaG9zdCxuYW1lDQoyMDE5LTA0LTEyIDE0OjE3
OjIzLDIyLG1ldHJpYy1mb3JlY2FzdC12aWV3ZXItdGVzdCxlbnRpdHktZm9yZWNhc3Qtdmlld2Vy
LXRlc3QsQTRBRjc5N0YzNzM3LG1lc3NhZ2VTb3VyY2VCeUlkDQoyMDE5LTA0LTEyIDE0OjE3OjM4
LDIyLG1ldHJpYy1mb3JlY2FzdC12aWV3ZXItdGVzdCxlbnRpdHktZm9yZWNhc3Qtdmlld2VyLXRl
c3QsQTRBRjc5N0YzNzM3LG1lc3NhZ2VTb3VyY2VCeUlkDQoyMDE5LTA0LTEyIDE0OjE3OjUzLDIy
LG1ldHJpYy1mb3JlY2FzdC12aWV3ZXItdGVzdCxlbnRpdHktZm9yZWNhc3Qtdmlld2VyLXRlc3Qs
QTRBRjc5N0YzNzM3LG1lc3NhZ2VTb3VyY2VCeUlkDQoyMDE5LTA0LTEyIDE0OjE4OjA4LDIyLG1l
dHJpYy1mb3JlY2FzdC12aWV3ZXItdGVzdCxlbnRpdHktZm9yZWNhc3Qtdmlld2VyLXRlc3QsQTRB
Rjc5N0YzNzM3LG1lc3NhZ2VTb3VyY2VCeUlkDQoyMDE5LTA0LTEyIDE0OjE4OjIzLDIyLG1ldHJp
Yy1mb3JlY2FzdC12aWV3ZXItdGVzdCxlbnRpdHktZm9yZWNhc3Qtdmlld2VyLXRlc3QsQTRBRjc5
N0YzNzM3LG1lc3NhZ2VTb3VyY2VCeUlkDQoyMDE5LTA0LTEyIDE0OjE4OjM4LDIyLG1ldHJpYy1m
b3JlY2FzdC12aWV3ZXItdGVzdCxlbnRpdHktZm9yZWNhc3Qtdmlld2VyLXRlc3QsQTRBRjc5N0Yz
NzM3LG1lc3NhZ2VTb3VyY2VCeUlkDQoyMDE5LTA0LTEyIDE0OjE4OjUzLDIyLG1ldHJpYy1mb3Jl
Y2FzdC12aWV3ZXItdGVzdCxlbnRpdHktZm9yZWNhc3Qtdmlld2VyLXRlc3QsQTRBRjc5N0YzNzM3
LG1lc3NhZ2VTb3VyY2VCeUlkDQoyMDE5LTA0LTEyIDE0OjE5OjA4LDIyLG1ldHJpYy1mb3JlY2Fz
dC12aWV3ZXItdGVzdCxlbnRpdHktZm9yZWNhc3Qtdmlld2VyLXRlc3QsQTRBRjc5N0YzNzM3LG1l
c3NhZ2VTb3VyY2VCeUlkDQoyMDE5LTA0LTEyIDE0OjE5OjIzLDIyLG1ldHJpYy1mb3JlY2FzdC12
aWV3ZXItdGVzdCxlbnRpdHktZm9yZWNhc3Qtdmlld2VyLXRlc3QsQTRBRjc5N0YzNzM3LG1lc3Nh
Z2VTb3VyY2VCeUlkDQoyMDE5LTA0LTEyIDE0OjE5OjM4LDIyLG1ldHJpYy1mb3JlY2FzdC12aWV3
ZXItdGVzdCxlbnRpdHktZm9yZWNhc3Qtdmlld2VyLXRlc3QsQTRBRjc5N0YzNzM3LG1lc3NhZ2VT
b3VyY2VCeUlkDQoyMDE5LTA0LTEyIDE0OjE5OjUzLDIyLG1ldHJpYy1mb3JlY2FzdC12aWV3ZXIt
dGVzdCxlbnRpdHktZm9yZWNhc3Qtdmlld2VyLXRlc3QsQTRBRjc5N0YzNzM3LG1lc3NhZ2VTb3Vy
Y2VCeUlkDQoyMDE5LTA0LTEyIDE0OjIwOjA4LDIyLG1ldHJpYy1mb3JlY2FzdC12aWV3ZXItdGVz
dCxlbnRpdHktZm9yZWNhc3Qtdmlld2VyLXRlc3QsQTRBRjc5N0YzNzM3LG1lc3NhZ2VTb3VyY2VC
eUlkDQoyMDE5LTA0LTEyIDE0OjIwOjIzLDIyLG1ldHJpYy1mb3JlY2FzdC12aWV3ZXItdGVzdCxl
bnRpdHktZm9yZWNhc3Qtdmlld2VyLXRlc3QsQTRBRjc5N0YzNzM3LG1lc3NhZ2VTb3VyY2VCeUlk
DQoyMDE5LTA0LTEyIDE0OjIwOjM4LDIyLG1ldHJpYy1mb3JlY2FzdC12aWV3ZXItdGVzdCxlbnRp
dHktZm9yZWNhc3Qtdmlld2VyLXRlc3QsQTRBRjc5N0YzNzM3LG1lc3NhZ2VTb3VyY2VCeUlkDQoy
MDE5LTA0LTEyIDE0OjIwOjUzLDIyLG1ldHJpYy1mb3JlY2FzdC12aWV3ZXItdGVzdCxlbnRpdHkt
Zm9yZWNhc3Qtdmlld2VyLXRlc3QsQTRBRjc5N0YzNzM3LG1lc3NhZ2VTb3VyY2VCeUlkDQoyMDE5
LTA0LTEyIDE0OjIxOjA4LDIyLG1ldHJpYy1mb3JlY2FzdC12aWV3ZXItdGVzdCxlbnRpdHktZm9y
ZWNhc3Qtdmlld2VyLXRlc3QsQTRBRjc5N0YzNzM3LG1lc3NhZ2VTb3VyY2VCeUlkDQoyMDE5LTA0
LTEyIDE0OjIxOjIzLDIyLG1ldHJpYy1mb3JlY2FzdC12aWV3ZXItdGVzdCxlbnRpdHktZm9yZWNh
c3Qtdmlld2VyLXRlc3QsQTRBRjc5N0YzNzM3LG1lc3NhZ2VTb3VyY2VCeUlkDQoyMDE5LTA0LTEy
IDE0OjIxOjM4LDIyLG1ldHJpYy1mb3JlY2FzdC12aWV3ZXItdGVzdCxlbnRpdHktZm9yZWNhc3Qt
dmlld2VyLXRlc3QsQTRBRjc5N0YzNzM3LG1lc3NhZ2VTb3VyY2VCeUlkDQoyMDE5LTA0LTEyIDE0
OjIxOjUzLDIyLG1ldHJpYy1mb3JlY2FzdC12aWV3ZXItdGVzdCxlbnRpdHktZm9yZWNhc3Qtdmll
d2VyLXRlc3QsQTRBRjc5N0YzNzM3LG1lc3NhZ2VTb3VyY2VCeUlkDQoyMDE5LTA0LTEyIDE0OjIy
OjA4LDIyLG1ldHJpYy1mb3JlY2FzdC12aWV3ZXItdGVzdCxlbnRpdHktZm9yZWNhc3Qtdmlld2Vy
LXRlc3QsQTRBRjc5N0YzNzM3LG1lc3NhZ2VTb3VyY2VCeUlkDQoyMDE5LTA0LTEyIDE0OjE3OjIz
LDUsbWV0cmljLWZvcmVjYXN0LXZpZXdlci10ZXN0LGVudGl0eS1mb3JlY2FzdC12aWV3ZXItdGVz
dCxBNEFGNzk3RjM3MzcsZW50aXR5QnlJZA0KMjAxOS0wNC0xMiAxNDoxNzozOCw1LG1ldHJpYy1m
b3JlY2FzdC12aWV3ZXItdGVzdCxlbnRpdHktZm9yZWNhc3Qtdmlld2VyLXRlc3QsQTRBRjc5N0Yz
NzM3LGVudGl0eUJ5SWQNCjIwMTktMDQtMTIgMTQ6MTc6NTMsNSxtZXRyaWMtZm9yZWNhc3Qtdmll
d2VyLXRlc3QsZW50aXR5LWZvcmVjYXN0LXZpZXdlci10ZXN0LEE0QUY3OTdGMzczNyxlbnRpdHlC
eUlkDQoyMDE5LTA0LTEyIDE0OjE4OjA4LDUsbWV0cmljLWZvcmVjYXN0LXZpZXdlci10ZXN0LGVu
dGl0eS1mb3JlY2FzdC12aWV3ZXItdGVzdCxBNEFGNzk3RjM3MzcsZW50aXR5QnlJZA0KMjAxOS0w
NC0xMiAxNDoxODoyMyw1LG1ldHJpYy1mb3JlY2FzdC12aWV3ZXItdGVzdCxlbnRpdHktZm9yZWNh
c3Qtdmlld2VyLXRlc3QsQTRBRjc5N0YzNzM3LGVudGl0eUJ5SWQNCjIwMTktMDQtMTIgMTQ6MTg6
MzgsNSxtZXRyaWMtZm9yZWNhc3Qtdmlld2VyLXRlc3QsZW50aXR5LWZvcmVjYXN0LXZpZXdlci10
ZXN0LEE0QUY3OTdGMzczNyxlbnRpdHlCeUlkDQoyMDE5LTA0LTEyIDE0OjE4OjUzLDUsbWV0cmlj
LWZvcmVjYXN0LXZpZXdlci10ZXN0LGVudGl0eS1mb3JlY2FzdC12aWV3ZXItdGVzdCxBNEFGNzk3
RjM3MzcsZW50aXR5QnlJZA0KMjAxOS0wNC0xMiAxNDoxOTowOCw1LG1ldHJpYy1mb3JlY2FzdC12
aWV3ZXItdGVzdCxlbnRpdHktZm9yZWNhc3Qtdmlld2VyLXRlc3QsQTRBRjc5N0YzNzM3LGVudGl0
eUJ5SWQNCjIwMTktMDQtMTIgMTQ6MTk6MjMsNSxtZXRyaWMtZm9yZWNhc3Qtdmlld2VyLXRlc3Qs
ZW50aXR5LWZvcmVjYXN0LXZpZXdlci10ZXN0LEE0QUY3OTdGMzczNyxlbnRpdHlCeUlkDQoyMDE5
LTA0LTEyIDE0OjE5OjM4LDUsbWV0cmljLWZvcmVjYXN0LXZpZXdlci10ZXN0LGVudGl0eS1mb3Jl
Y2FzdC12aWV3ZXItdGVzdCxBNEFGNzk3RjM3MzcsZW50aXR5QnlJZA0KMjAxOS0wNC0xMiAxNDox
OTo1Myw1LG1ldHJpYy1mb3JlY2FzdC12aWV3ZXItdGVzdCxlbnRpdHktZm9yZWNhc3Qtdmlld2Vy
LXRlc3QsQTRBRjc5N0YzNzM3LGVudGl0eUJ5SWQNCjIwMTktMDQtMTIgMTQ6MjA6MDgsNSxtZXRy
aWMtZm9yZWNhc3Qtdmlld2VyLXRlc3QsZW50aXR5LWZvcmVjYXN0LXZpZXdlci10ZXN0LEE0QUY3
OTdGMzczNyxlbnRpdHlCeUlkDQoyMDE5LTA0LTEyIDE0OjIwOjIzLDUsbWV0cmljLWZvcmVjYXN0
LXZpZXdlci10ZXN0LGVudGl0eS1mb3JlY2FzdC12aWV3ZXItdGVzdCxBNEFGNzk3RjM3MzcsZW50
aXR5QnlJZA0KMjAxOS0wNC0xMiAxNDoyMDozOCw1LG1ldHJpYy1mb3JlY2FzdC12aWV3ZXItdGVz
dCxlbnRpdHktZm9yZWNhc3Qtdmlld2VyLXRlc3QsQTRBRjc5N0YzNzM3LGVudGl0eUJ5SWQNCjIw
MTktMDQtMTIgMTQ6MjA6NTMsNSxtZXRyaWMtZm9yZWNhc3Qtdmlld2VyLXRlc3QsZW50aXR5LWZv
cmVjYXN0LXZpZXdlci10ZXN0LEE0QUY3OTdGMzczNyxlbnRpdHlCeUlkDQoyMDE5LTA0LTEyIDE0
OjIxOjA4LDUsbWV0cmljLWZvcmVjYXN0LXZpZXdlci10ZXN0LGVudGl0eS1mb3JlY2FzdC12aWV3
ZXItdGVzdCxBNEFGNzk3RjM3MzcsZW50aXR5QnlJZA0KMjAxOS0wNC0xMiAxNDoyMToyMyw1LG1l
dHJpYy1mb3JlY2FzdC12aWV3ZXItdGVzdCxlbnRpdHktZm9yZWNhc3Qtdmlld2VyLXRlc3QsQTRB
Rjc5N0YzNzM3LGVudGl0eUJ5SWQNCjIwMTktMDQtMTIgMTQ6MjE6MzgsNSxtZXRyaWMtZm9yZWNh
c3Qtdmlld2VyLXRlc3QsZW50aXR5LWZvcmVjYXN0LXZpZXdlci10ZXN0LEE0QUY3OTdGMzczNyxl
bnRpdHlCeUlkDQoyMDE5LTA0LTEyIDE0OjIxOjUzLDUsbWV0cmljLWZvcmVjYXN0LXZpZXdlci10
ZXN0LGVudGl0eS1mb3JlY2FzdC12aWV3ZXItdGVzdCxBNEFGNzk3RjM3MzcsZW50aXR5QnlJZA0K
MjAxOS0wNC0xMiAxNDoyMjowOCw1LG1ldHJpYy1mb3JlY2FzdC12aWV3ZXItdGVzdCxlbnRpdHkt
Zm9yZWNhc3Qtdmlld2VyLXRlc3QsQTRBRjc5N0YzNzM3LGVudGl0eUJ5SWQNCjIwMTktMDQtMTIg
MTQ6MTc6MjMsNSxtZXRyaWMtZm9yZWNhc3Qtdmlld2VyLXRlc3QsZW50aXR5LWZvcmVjYXN0LXZp
ZXdlci10ZXN0LEE0QUY3OTdGMzczNyxlbnRpdHlUYWdzDQoyMDE5LTA0LTEyIDE0OjE3OjM4LDUs
bWV0cmljLWZvcmVjYXN0LXZpZXdlci10ZXN0LGVudGl0eS1mb3JlY2FzdC12aWV3ZXItdGVzdCxB
NEFGNzk3RjM3MzcsZW50aXR5VGFncw0KMjAxOS0wNC0xMiAxNDoxNzo1Myw1LG1ldHJpYy1mb3Jl
Y2FzdC12aWV3ZXItdGVzdCxlbnRpdHktZm9yZWNhc3Qtdmlld2VyLXRlc3QsQTRBRjc5N0YzNzM3
LGVudGl0eVRhZ3MNCjIwMTktMDQtMTIgMTQ6MTg6MDgsNSxtZXRyaWMtZm9yZWNhc3Qtdmlld2Vy
LXRlc3QsZW50aXR5LWZvcmVjYXN0LXZpZXdlci10ZXN0LEE0QUY3OTdGMzczNyxlbnRpdHlUYWdz
DQoyMDE5LTA0LTEyIDE0OjE4OjIzLDUsbWV0cmljLWZvcmVjYXN0LXZpZXdlci10ZXN0LGVudGl0
eS1mb3JlY2FzdC12aWV3ZXItdGVzdCxBNEFGNzk3RjM3MzcsZW50aXR5VGFncw0KMjAxOS0wNC0x
MiAxNDoxODozOCw1LG1ldHJpYy1mb3JlY2FzdC12aWV3ZXItdGVzdCxlbnRpdHktZm9yZWNhc3Qt
dmlld2VyLXRlc3QsQTRBRjc5N0YzNzM3LGVudGl0eVRhZ3MNCjIwMTktMDQtMTIgMTQ6MTg6NTMs
NSxtZXRyaWMtZm9yZWNhc3Qtdmlld2VyLXRlc3QsZW50aXR5LWZvcmVjYXN0LXZpZXdlci10ZXN0
LEE0QUY3OTdGMzczNyxlbnRpdHlUYWdzDQoyMDE5LTA0LTEyIDE0OjE5OjA4LDUsbWV0cmljLWZv
cmVjYXN0LXZpZXdlci10ZXN0LGVudGl0eS1mb3JlY2FzdC12aWV3ZXItdGVzdCxBNEFGNzk3RjM3
MzcsZW50aXR5VGFncw0KMjAxOS0wNC0xMiAxNDoxOToyMyw1LG1ldHJpYy1mb3JlY2FzdC12aWV3
ZXItdGVzdCxlbnRpdHktZm9yZWNhc3Qtdmlld2VyLXRlc3QsQTRBRjc5N0YzNzM3LGVudGl0eVRh
Z3MNCjIwMTktMDQtMTIgMTQ6MTk6MzgsNSxtZXRyaWMtZm9yZWNhc3Qtdmlld2VyLXRlc3QsZW50
aXR5LWZvcmVjYXN0LXZpZXdlci10ZXN0LEE0QUY3OTdGMzczNyxlbnRpdHlUYWdzDQoyMDE5LTA0
LTEyIDE0OjE5OjUzLDAsbWV0cmljLWZvcmVjYXN0LXZpZXdlci10ZXN0LGVudGl0eS1mb3JlY2Fz
dC12aWV3ZXItdGVzdCxBNEFGNzk3RjM3MzcsbmFtZWRDb2xsZWN0aW9uDQoyMDE5LTA0LTEyIDE0
OjIwOjA4LDAsbWV0cmljLWZvcmVjYXN0LXZpZXdlci10ZXN0LGVudGl0eS1mb3JlY2FzdC12aWV3
ZXItdGVzdCxBNEFGNzk3RjM3MzcsbmFtZWRDb2xsZWN0aW9uDQoyMDE5LTA0LTEyIDE0OjIwOjIz
LDAsbWV0cmljLWZvcmVjYXN0LXZpZXdlci10ZXN0LGVudGl0eS1mb3JlY2FzdC12aWV3ZXItdGVz
dCxBNEFGNzk3RjM3MzcsbmFtZWRDb2xsZWN0aW9uDQoyMDE5LTA0LTEyIDE0OjIwOjM4LDAsbWV0
cmljLWZvcmVjYXN0LXZpZXdlci10ZXN0LGVudGl0eS1mb3JlY2FzdC12aWV3ZXItdGVzdCxBNEFG
Nzk3RjM3MzcsbmFtZWRDb2xsZWN0aW9uDQoyMDE5LTA0LTEyIDE0OjIwOjUzLDAsbWV0cmljLWZv
cmVjYXN0LXZpZXdlci10ZXN0LGVudGl0eS1mb3JlY2FzdC12aWV3ZXItdGVzdCxBNEFGNzk3RjM3
MzcsbmFtZWRDb2xsZWN0aW9uDQoyMDE5LTA0LTEyIDE0OjIxOjA4LDAsbWV0cmljLWZvcmVjYXN0
LXZpZXdlci10ZXN0LGVudGl0eS1mb3JlY2FzdC12aWV3ZXItdGVzdCxBNEFGNzk3RjM3MzcsbmFt
ZWRDb2xsZWN0aW9uDQoyMDE5LTA0LTEyIDE0OjIxOjIzLDAsbWV0cmljLWZvcmVjYXN0LXZpZXdl
ci10ZXN0LGVudGl0eS1mb3JlY2FzdC12aWV3ZXItdGVzdCxBNEFGNzk3RjM3MzcsbmFtZWRDb2xs
ZWN0aW9uDQoyMDE5LTA0LTEyIDE0OjIxOjM4LDAsbWV0cmljLWZvcmVjYXN0LXZpZXdlci10ZXN0
LGVudGl0eS1mb3JlY2FzdC12aWV3ZXItdGVzdCxBNEFGNzk3RjM3MzcsbmFtZWRDb2xsZWN0aW9u
DQoyMDE5LTA0LTEyIDE0OjIxOjUzLDAsbWV0cmljLWZvcmVjYXN0LXZpZXdlci10ZXN0LGVudGl0
eS1mb3JlY2FzdC12aWV3ZXItdGVzdCxBNEFGNzk3RjM3MzcsbmFtZWRDb2xsZWN0aW9uDQoyMDE5
LTA0LTEyIDE0OjIyOjA4LDAsbWV0cmljLWZvcmVjYXN0LXZpZXdlci10ZXN0LGVudGl0eS1mb3Jl
Y2FzdC12aWV3ZXItdGVzdCxBNEFGNzk3RjM3MzcsbmFtZWRDb2xsZWN0aW9uDQoyMDE5LTA0LTEy
IDE0OjE3OjIzLDUsbWV0cmljLWZvcmVjYXN0LXZpZXdlci10ZXN0LGVudGl0eS1mb3JlY2FzdC12
aWV3ZXItdGVzdCxBNEFGNzk3RjM3MzcsZW50aXR5DQoyMDE5LTA0LTEyIDE0OjE3OjM4LDUsbWV0
cmljLWZvcmVjYXN0LXZpZXdlci10ZXN0LGVudGl0eS1mb3JlY2FzdC12aWV3ZXItdGVzdCxBNEFG
Nzk3RjM3MzcsZW50aXR5DQoyMDE5LTA0LTEyIDE0OjE3OjUzLDUsbWV0cmljLWZvcmVjYXN0LXZp
ZXdlci10ZXN0LGVudGl0eS1mb3JlY2FzdC12aWV3ZXItdGVzdCxBNEFGNzk3RjM3MzcsZW50aXR5
DQoyMDE5LTA0LTEyIDE0OjE4OjA4LDUsbWV0cmljLWZvcmVjYXN0LXZpZXdlci10ZXN0LGVudGl0
eS1mb3JlY2FzdC12aWV3ZXItdGVzdCxBNEFGNzk3RjM3MzcsZW50aXR5DQoyMDE5LTA0LTEyIDE0
OjE4OjIzLDUsbWV0cmljLWZvcmVjYXN0LXZpZXdlci10ZXN0LGVudGl0eS1mb3JlY2FzdC12aWV3
ZXItdGVzdCxBNEFGNzk3RjM3MzcsZW50aXR5DQoyMDE5LTA0LTEyIDE0OjE4OjM4LDUsbWV0cmlj
LWZvcmVjYXN0LXZpZXdlci10ZXN0LGVudGl0eS1mb3JlY2FzdC12aWV3ZXItdGVzdCxBNEFGNzk3
RjM3MzcsZW50aXR5DQoyMDE5LTA0LTEyIDE0OjE4OjUzLDUsbWV0cmljLWZvcmVjYXN0LXZpZXdl
ci10ZXN0LGVudGl0eS1mb3JlY2FzdC12aWV3ZXItdGVzdCxBNEFGNzk3RjM3MzcsZW50aXR5DQoy
MDE5LTA0LTEyIDE0OjE5OjA4LDUsbWV0cmljLWZvcmVjYXN0LXZpZXdlci10ZXN0LGVudGl0eS1m
b3JlY2FzdC12aWV3ZXItdGVzdCxBNEFGNzk3RjM3MzcsZW50aXR5DQoyMDE5LTA0LTEyIDE0OjE5
OjIzLDUsbWV0cmljLWZvcmVjYXN0LXZpZXdlci10ZXN0LGVudGl0eS1mb3JlY2FzdC12aWV3ZXIt
dGVzdCxBNEFGNzk3RjM3MzcsZW50aXR5DQoyMDE5LTA0LTEyIDE0OjE5OjM4LDUsbWV0cmljLWZv
cmVjYXN0LXZpZXdlci10ZXN0LGVudGl0eS1mb3JlY2FzdC12aWV3ZXItdGVzdCxBNEFGNzk3RjM3
MzcsZW50aXR5DQoyMDE5LTA0LTEyIDE0OjE5OjUzLDUsbWV0cmljLWZvcmVjYXN0LXZpZXdlci10
ZXN0LGVudGl0eS1mb3JlY2FzdC12aWV3ZXItdGVzdCxBNEFGNzk3RjM3MzcsZW50aXR5DQoyMDE5
LTA0LTEyIDE0OjIwOjA4LDUsbWV0cmljLWZvcmVjYXN0LXZpZXdlci10ZXN0LGVudGl0eS1mb3Jl
Y2FzdC12aWV3ZXItdGVzdCxBNEFGNzk3RjM3MzcsZW50aXR5DQoyMDE5LTA0LTEyIDE0OjIwOjIz
LDUsbWV0cmljLWZvcmVjYXN0LXZpZXdlci10ZXN0LGVudGl0eS1mb3JlY2FzdC12aWV3ZXItdGVz
dCxBNEFGNzk3RjM3MzcsZW50aXR5DQoyMDE5LTA0LTEyIDE0OjIwOjM4LDUsbWV0cmljLWZvcmVj
YXN0LXZpZXdlci10ZXN0LGVudGl0eS1mb3JlY2FzdC12aWV3ZXItdGVzdCxBNEFGNzk3RjM3Mzcs
ZW50aXR5DQoyMDE5LTA0LTEyIDE0OjIwOjUzLDUsbWV0cmljLWZvcmVjYXN0LXZpZXdlci10ZXN0
LGVudGl0eS1mb3JlY2FzdC12aWV3ZXItdGVzdCxBNEFGNzk3RjM3MzcsZW50aXR5DQoyMDE5LTA0
LTEyIDE0OjIxOjA4LDUsbWV0cmljLWZvcmVjYXN0LXZpZXdlci10ZXN0LGVudGl0eS1mb3JlY2Fz
dC12aWV3ZXItdGVzdCxBNEFGNzk3RjM3MzcsZW50aXR5DQoyMDE5LTA0LTEyIDE0OjIxOjIzLDUs
bWV0cmljLWZvcmVjYXN0LXZpZXdlci10ZXN0LGVudGl0eS1mb3JlY2FzdC12aWV3ZXItdGVzdCxB
NEFGNzk3RjM3MzcsZW50aXR5DQoyMDE5LTA0LTEyIDE0OjIxOjM4LDUsbWV0cmljLWZvcmVjYXN0
LXZpZXdlci10ZXN0LGVudGl0eS1mb3JlY2FzdC12aWV3ZXItdGVzdCxBNEFGNzk3RjM3MzcsZW50
aXR5DQoyMDE5LTA0LTEyIDE0OjIxOjUzLDUsbWV0cmljLWZvcmVjYXN0LXZpZXdlci10ZXN0LGVu
dGl0eS1mb3JlY2FzdC12aWV3ZXItdGVzdCxBNEFGNzk3RjM3MzcsZW50aXR5DQoyMDE5LTA0LTEy
IDE0OjIyOjA4LDUsbWV0cmljLWZvcmVjYXN0LXZpZXdlci10ZXN0LGVudGl0eS1mb3JlY2FzdC12
aWV3ZXItdGVzdCxBNEFGNzk3RjM3MzcsZW50aXR5DQoyMDE5LTA0LTEyIDE0OjE3OjIzLDAsbWV0
cmljLWZvcmVjYXN0LXZpZXdlci10ZXN0LGVudGl0eS1mb3JlY2FzdC12aWV3ZXItdGVzdCxBNEFG
Nzk3RjM3MzcsYWxlcnRIaXN0b3J5RW50cmllcw0KMjAxOS0wNC0xMiAxNDoxNzozOCwwLG1ldHJp
Yy1mb3JlY2FzdC12aWV3ZXItdGVzdCxlbnRpdHktZm9yZWNhc3Qtdmlld2VyLXRlc3QsQTRBRjc5
N0YzNzM3LGFsZXJ0SGlzdG9yeUVudHJpZXMNCjIwMTktMDQtMTIgMTQ6MTc6NTMsMCxtZXRyaWMt
Zm9yZWNhc3Qtdmlld2VyLXRlc3QsZW50aXR5LWZvcmVjYXN0LXZpZXdlci10ZXN0LEE0QUY3OTdG
MzczNyxhbGVydEhpc3RvcnlFbnRyaWVzDQoyMDE5LTA0LTEyIDE0OjE4OjA4LDAsbWV0cmljLWZv
cmVjYXN0LXZpZXdlci10ZXN0LGVudGl0eS1mb3JlY2FzdC12aWV3ZXItdGVzdCxBNEFGNzk3RjM3
MzcsYWxlcnRIaXN0b3J5RW50cmllcw0KMjAxOS0wNC0xMiAxNDoxODoyMywwLG1ldHJpYy1mb3Jl
Y2FzdC12aWV3ZXItdGVzdCxlbnRpdHktZm9yZWNhc3Qtdmlld2VyLXRlc3QsQTRBRjc5N0YzNzM3
LGFsZXJ0SGlzdG9yeUVudHJpZXMNCjIwMTktMDQtMTIgMTQ6MTg6MzgsMCxtZXRyaWMtZm9yZWNh
c3Qtdmlld2VyLXRlc3QsZW50aXR5LWZvcmVjYXN0LXZpZXdlci10ZXN0LEE0QUY3OTdGMzczNyxh
bGVydEhpc3RvcnlFbnRyaWVzDQoyMDE5LTA0LTEyIDE0OjE4OjUzLDAsbWV0cmljLWZvcmVjYXN0
LXZpZXdlci10ZXN0LGVudGl0eS1mb3JlY2FzdC12aWV3ZXItdGVzdCxBNEFGNzk3RjM3MzcsYWxl
cnRIaXN0b3J5RW50cmllcw0KMjAxOS0wNC0xMiAxNDoxOTowOCwwLG1ldHJpYy1mb3JlY2FzdC12
aWV3ZXItdGVzdCxlbnRpdHktZm9yZWNhc3Qtdmlld2VyLXRlc3QsQTRBRjc5N0YzNzM3LGFsZXJ0
SGlzdG9yeUVudHJpZXMNCjIwMTktMDQtMTIgMTQ6MTk6MjMsMCxtZXRyaWMtZm9yZWNhc3Qtdmll
d2VyLXRlc3QsZW50aXR5LWZvcmVjYXN0LXZpZXdlci10ZXN0LEE0QUY3OTdGMzczNyxhbGVydEhp
c3RvcnlFbnRyaWVzDQoyMDE5LTA0LTEyIDE0OjE5OjM4LDAsbWV0cmljLWZvcmVjYXN0LXZpZXdl
ci10ZXN0LGVudGl0eS1mb3JlY2FzdC12aWV3ZXItdGVzdCxBNEFGNzk3RjM3MzcsYWxlcnRIaXN0
b3J5RW50cmllcw0KMjAxOS0wNC0xMiAxNDoxOTo1MywwLG1ldHJpYy1mb3JlY2FzdC12aWV3ZXIt
dGVzdCxlbnRpdHktZm9yZWNhc3Qtdmlld2VyLXRlc3QsQTRBRjc5N0YzNzM3LGFsZXJ0SGlzdG9y
eUVudHJpZXMNCjIwMTktMDQtMTIgMTQ6MjA6MDgsMCxtZXRyaWMtZm9yZWNhc3Qtdmlld2VyLXRl
c3QsZW50aXR5LWZvcmVjYXN0LXZpZXdlci10ZXN0LEE0QUY3OTdGMzczNyxhbGVydEhpc3RvcnlF
bnRyaWVzDQoyMDE5LTA0LTEyIDE0OjIwOjIzLDAsbWV0cmljLWZvcmVjYXN0LXZpZXdlci10ZXN0
LGVudGl0eS1mb3JlY2FzdC12aWV3ZXItdGVzdCxBNEFGNzk3RjM3MzcsYWxlcnRIaXN0b3J5RW50
cmllcw0KMjAxOS0wNC0xMiAxNDoyMDozOCwwLG1ldHJpYy1mb3JlY2FzdC12aWV3ZXItdGVzdCxl
bnRpdHktZm9yZWNhc3Qtdmlld2VyLXRlc3QsQTRBRjc5N0YzNzM3LGFsZXJ0SGlzdG9yeUVudHJp
ZXMNCjIwMTktMDQtMTIgMTQ6MjA6NTMsMCxtZXRyaWMtZm9yZWNhc3Qtdmlld2VyLXRlc3QsZW50
aXR5LWZvcmVjYXN0LXZpZXdlci10ZXN0LEE0QUY3OTdGMzczNyxhbGVydEhpc3RvcnlFbnRyaWVz
DQoyMDE5LTA0LTEyIDE0OjIxOjA4LDAsbWV0cmljLWZvcmVjYXN0LXZpZXdlci10ZXN0LGVudGl0
eS1mb3JlY2FzdC12aWV3ZXItdGVzdCxBNEFGNzk3RjM3MzcsYWxlcnRIaXN0b3J5RW50cmllcw0K
MjAxOS0wNC0xMiAxNDoyMToyMywwLG1ldHJpYy1mb3JlY2FzdC12aWV3ZXItdGVzdCxlbnRpdHkt
Zm9yZWNhc3Qtdmlld2VyLXRlc3QsQTRBRjc5N0YzNzM3LGFsZXJ0SGlzdG9yeUVudHJpZXMNCjIw
MTktMDQtMTIgMTQ6MjE6MzgsMCxtZXRyaWMtZm9yZWNhc3Qtdmlld2VyLXRlc3QsZW50aXR5LWZv
cmVjYXN0LXZpZXdlci10ZXN0LEE0QUY3OTdGMzczNyxhbGVydEhpc3RvcnlFbnRyaWVzDQoyMDE5
LTA0LTEyIDE0OjIxOjUzLDAsbWV0cmljLWZvcmVjYXN0LXZpZXdlci10ZXN0LGVudGl0eS1mb3Jl
Y2FzdC12aWV3ZXItdGVzdCxBNEFGNzk3RjM3MzcsYWxlcnRIaXN0b3J5RW50cmllcw0KMjAxOS0w
NC0xMiAxNDoyMjowOCwwLG1ldHJpYy1mb3JlY2FzdC12aWV3ZXItdGVzdCxlbnRpdHktZm9yZWNh
c3Qtdmlld2VyLXRlc3QsQTRBRjc5N0YzNzM3LGFsZXJ0SGlzdG9yeUVudHJpZXMNCg==</csvExampleInOriginalEncoding>
    <stopCondition>NONE</stopCondition>
    <timestampLocale>ENGLISH</timestampLocale>
    <maxColumns>256</maxColumns>
  </com.axibase.tsd.model.csv.WizardBasedCsvConfiguration>
</list>