<list>
  <com.axibase.tsd.model.csv.WizardBasedCsvConfiguration>
    <name>test-atsd-import-series-parser</name>
    <enabled>true</enabled>
    <delimiter>,</delimiter>
    <recordDelimiter>&#xd;</recordDelimiter>
    <padding></padding>
    <comment>#</comment>
    <textQualifier>&quot;</textQualifier>
    <decimalSeparator>.</decimalSeparator>
    <groupingSeparator>,</groupingSeparator>
    <skipLines>0</skipLines>
    <processEvents>false</processEvents>
    <ignoreParseErrors>true</ignoreParseErrors>
    <timeZone>UTC</timeZone>
    <header/>
    <commandType>SERIES</commandType>
    <columns class="java.util.Arrays$ArrayList">
      <a class="com.axibase.tsd.service.csv.WizardBasedCsvColumn-array">
        <com.axibase.tsd.service.csv.WizardBasedCsvColumn>
          <semanticType class="com.axibase.tsd.model.csv.csvtype.SeriesSemanticType">SERIES_TIMESTAMP</semanticType>
          <column>Timestamp</column>
          <key>yyyy-MM-dd HH:mm:ss.SSS</key>
        </com.axibase.tsd.service.csv.WizardBasedCsvColumn>
        <com.axibase.tsd.service.csv.WizardBasedCsvColumn>
          <semanticType class="com.axibase.tsd.model.csv.csvtype.SeriesSemanticType">SERIES_ENTITY</semanticType>
          <column>Entity</column>
        </com.axibase.tsd.service.csv.WizardBasedCsvColumn>
        <com.axibase.tsd.service.csv.WizardBasedCsvColumn>
          <semanticType class="com.axibase.tsd.model.csv.csvtype.SeriesSemanticType">SERIES_METRIC</semanticType>
          <column>Value</column>
          <key>${Metric}</key>
        </com.axibase.tsd.service.csv.WizardBasedCsvColumn>
        <com.axibase.tsd.service.csv.WizardBasedCsvColumn>
          <semanticType class="com.axibase.tsd.model.csv.csvtype.SeriesSemanticType">SERIES_TAGS</semanticType>
          <column>Metric</column>
          <key>tag_name</key>
        </com.axibase.tsd.service.csv.WizardBasedCsvColumn>
      </a>
    </columns>
    <encoding>UTF-8</encoding>
    <headerType>FIRST_LINE</headerType>
    <ignoredNanPatterns/>
    <nullPatterns class="empty-set"/>
    <csvExampleInOriginalEncoding>VGltZXN0YW1wLFZhbHVlLE1ldHJpYyxFbnRpdHkKMjAxOS0wMy0xNiAwODoxMToyMi4wMDAsOSxm
b3JlY2FzdFBhZ2VUZXN0LG51cnN3Z3ZtbDAwNwoyMDE5LTAzLTE2IDA4OjExOjM4LjAwMCw3LjE0
LGZvcmVjYXN0UGFnZVRlc3QsbnVyc3dndm1sMDA3CjIwMTktMDMtMTYgMDg6MTE6NTQuMDAwLDcs
Zm9yZWNhc3RQYWdlVGVzdCxudXJzd2d2bWwwMDcKMjAxOS0wMy0xNiAwODoxMjoxMC4wMDAsOS4w
OSxmb3JlY2FzdFBhZ2VUZXN0LG51cnN3Z3ZtbDAwNwoyMDE5LTAzLTE2IDA4OjEyOjI2LjAwMCw4
LjA4LGZvcmVjYXN0UGFnZVRlc3QsbnVyc3dndm1sMDA3CjIwMTktMDMtMTYgMDg6MTI6NDIuMDAw
LDE2LjE2LGZvcmVjYXN0UGFnZVRlc3QsbnVyc3dndm1sMDA3CjIwMTktMDMtMTYgMDg6MTI6NTgu
MDAwLDksZm9yZWNhc3RQYWdlVGVzdCxudXJzd2d2bWwwMDcKMjAxOS0wMy0xNiAwODoxMzoxNS4w
MDAsNi4wNixmb3JlY2FzdFBhZ2VUZXN0LG51cnN3Z3ZtbDAwNwoyMDE5LTAzLTE2IDA4OjEzOjMx
LjAwMCwxNS4zMSxmb3JlY2FzdFBhZ2VUZXN0LG51cnN3Z3ZtbDAwNwoyMDE5LTAzLTE2IDA4OjEz
OjQ3LjAwMCw4LjA4LGZvcmVjYXN0UGFnZVRlc3QsbnVyc3dndm1sMDA3CjIwMTktMDMtMTYgMDg6
MTQ6MDMuMDAwLDE3LjE3LGZvcmVjYXN0UGFnZVRlc3QsbnVyc3dndm1sMDA3CjIwMTktMDMtMTYg
MDg6MTQ6MTkuMDAwLDcuOTIsZm9yZWNhc3RQYWdlVGVzdCxudXJzd2d2bWwwMDcKMjAxOS0wMy0x
NiAwODoxNDozNS4wMDAsNi4xOSxmb3JlY2FzdFBhZ2VUZXN0LG51cnN3Z3ZtbDAwNwoyMDE5LTAz
LTE2IDA4OjE0OjUxLjAwMCwxMC4xLGZvcmVjYXN0UGFnZVRlc3QsbnVyc3dndm1sMDA3CjIwMTkt
MDMtMTYgMDg6MTU6MDcuMDAwLDU5LjIyLGZvcmVjYXN0UGFnZVRlc3QsbnVyc3dndm1sMDA3CjIw
MTktMDMtMTYgMDg6MTU6MjMuMDAwLDcuMDcsZm9yZWNhc3RQYWdlVGVzdCxudXJzd2d2bWwwMDcK
MjAxOS0wMy0xNiAwODoxNTozOS4wMDAsMTAuMSxmb3JlY2FzdFBhZ2VUZXN0LG51cnN3Z3ZtbDAw
NwoyMDE5LTAzLTE2IDA4OjE1OjU1LjAwMCw4LjkxLGZvcmVjYXN0UGFnZVRlc3QsbnVyc3dndm1s
MDA3CjIwMTktMDMtMTYgMDg6MTY6MTEuMDAwLDEzLjEzLGZvcmVjYXN0UGFnZVRlc3QsbnVyc3dn
dm1sMDA3CjIwMTktMDMtMTYgMDg6MTY6MjcuMDAwLDE2LjMzLGZvcmVjYXN0UGFnZVRlc3QsbnVy
c3dndm1sMDA3CjIwMTktMDMtMTYgMDg6MTY6NDMuMDAwLDIxLjQzLGZvcmVjYXN0UGFnZVRlc3Qs
bnVyc3dndm1sMDA3CjIwMTktMDMtMTYgMDg6MTY6NTkuMDAwLDExLGZvcmVjYXN0UGFnZVRlc3Qs
bnVyc3dndm1sMDA3CjIwMTktMDMtMTYgMDg6MTc6MTUuMDAwLDExLGZvcmVjYXN0UGFnZVRlc3Qs
bnVyc3dndm1sMDA3CjIwMTktMDMtMTYgMDg6MTc6MzEuMDAwLDMuMDYsZm9yZWNhc3RQYWdlVGVz
dCxudXJzd2d2bWwwMDcKMjAxOS0wMy0xNiAwODoxNzo0Ny4wMDAsNixmb3JlY2FzdFBhZ2VUZXN0
LG51cnN3Z3ZtbDAwNwoyMDE5LTAzLTE2IDA4OjE4OjAzLjAwMCwyNS41MSxmb3JlY2FzdFBhZ2VU
ZXN0LG51cnN3Z3ZtbDAwNwoyMDE5LTAzLTE2IDA4OjE4OjE5LjAwMCwxMyxmb3JlY2FzdFBhZ2VU
ZXN0LG51cnN3Z3ZtbDAwNwoyMDE5LTAzLTE2IDA4OjE4OjM1LjAwMCw3LGZvcmVjYXN0UGFnZVRl
c3QsbnVyc3dndm1sMDA3CjIwMTktMDMtMTYgMDg6MTg6NTEuMDAwLDUuMDUsZm9yZWNhc3RQYWdl
VGVzdCxudXJzd2d2bWwwMDcKMjAxOS0wMy0xNiAwODoxOTowNy4wMDAsMTUuODQsZm9yZWNhc3RQ
YWdlVGVzdCxudXJzd2d2bWwwMDcKMjAxOS0wMy0xNiAwODoxOToyMy4wMDAsNyxmb3JlY2FzdFBh
Z2VUZXN0LG51cnN3Z3ZtbDAwNwoyMDE5LTAzLTE2IDA4OjE5OjM5LjAwMCwxMC4xLGZvcmVjYXN0
UGFnZVRlc3QsbnVyc3dndm1sMDA3CjIwMTktMDMtMTYgMDg6MTk6NTUuMDAwLDExLGZvcmVjYXN0
UGFnZVRlc3QsbnVyc3dndm1sMDA3CjIwMTktMDMtMTYgMDg6MjA6MTEuMDAwLDY1LjU5LGZvcmVj
YXN0UGFnZVRlc3QsbnVyc3dndm1sMDA3CjIwMTktMDMtMTYgMDg6MjA6MjcuMDAwLDksZm9yZWNh
c3RQYWdlVGVzdCxudXJzd2d2bWwwMDcKMjAxOS0wMy0xNiAwODoyMDo0My4wMDAsMTYuMTYsZm9y
ZWNhc3RQYWdlVGVzdCxudXJzd2d2bWwwMDcKMjAxOS0wMy0xNiAwODoyMDo1OS4wMDAsNyxmb3Jl
Y2FzdFBhZ2VUZXN0LG51cnN3Z3ZtbDAwNwoyMDE5LTAzLTE2IDA4OjIxOjE1LjAwMCw2LGZvcmVj
YXN0UGFnZVRlc3QsbnVyc3dndm1sMDA3CjIwMTktMDMtMTYgMDg6MjE6MzEuMDAwLDE3LGZvcmVj
YXN0UGFnZVRlc3QsbnVyc3dndm1sMDA3CjIwMTktMDMtMTYgMDg6MjE6NDcuMDAwLDEwLGZvcmVj
YXN0UGFnZVRlc3QsbnVyc3dndm1sMDA3CjIwMTktMDMtMTYgMDg6MjI6MDMuMDAwLDIzLGZvcmVj
YXN0UGFnZVRlc3QsbnVyc3dndm1sMDA3CjIwMTktMDMtMTYgMDg6MjI6MTkuMDAwLDguMTYsZm9y
ZWNhc3RQYWdlVGVzdCxudXJzd2d2bWwwMDcKMjAxOS0wMy0xNiAwODoyMjozNS4wMDAsMy4wNixm
b3JlY2FzdFBhZ2VUZXN0LG51cnN3Z3ZtbDAwNwoyMDE5LTAzLTE2IDA4OjIyOjUxLjAwMCwxMS4x
MSxmb3JlY2FzdFBhZ2VUZXN0LG51cnN3Z3ZtbDAwNwoyMDE5LTAzLTE2IDA4OjIzOjA3LjAwMCwx
NC4yOSxmb3JlY2FzdFBhZ2VUZXN0LG51cnN3Z3ZtbDAwNwoyMDE5LTAzLTE2IDA4OjIzOjIzLjAw
MCw1LjEsZm9yZWNhc3RQYWdlVGVzdCxudXJzd2d2bWwwMDcKMjAxOS0wMy0xNiAwODoyMzozOS4w
MDAsOS4wOSxmb3JlY2FzdFBhZ2VUZXN0LG51cnN3Z3ZtbDAwNwoyMDE5LTAzLTE2IDA4OjIzOjU1
LjAwMCwxNC4yOSxmb3JlY2FzdFBhZ2VUZXN0LG51cnN3Z3ZtbDAwNwoyMDE5LTAzLTE2IDA4OjI0
OjExLjAwMCw3LjE0LGZvcmVjYXN0UGFnZVRlc3QsbnVyc3dndm1sMDA3CjIwMTktMDMtMTYgMDg6
MjQ6MjcuMDAwLDUuMDUsZm9yZWNhc3RQYWdlVGVzdCxudXJzd2d2bWwwMDcKMjAxOS0wMy0xOCAw
Nzo1ODowNS4wMDAsOCxmb3JlY2FzdFBhZ2VUZXN0LG51cnN3Z3ZtbDAwNwoyMDE5LTAzLTE4IDA3
OjU4OjIxLjAwMCwxMixmb3JlY2FzdFBhZ2VUZXN0LG51cnN3Z3ZtbDAwNwoyMDE5LTAzLTE4IDA3
OjU4OjM3LjAwMCwxMC4xLGZvcmVjYXN0UGFnZVRlc3QsbnVyc3dndm1sMDA3CjIwMTktMDMtMTgg
MDc6NTg6NTMuMDAwLDIxLGZvcmVjYXN0UGFnZVRlc3QsbnVyc3dndm1sMDA3CjIwMTktMDMtMTgg
MDc6NTk6MDkuMDAwLDc4LGZvcmVjYXN0UGFnZVRlc3QsbnVyc3dndm1sMDA3CjIwMTktMDMtMTgg
MDc6NTk6MjUuMDAwLDkuOSxmb3JlY2FzdFBhZ2VUZXN0LG51cnN3Z3ZtbDAwNwoyMDE5LTAzLTE4
IDA3OjU5OjQxLjAwMCw1MS45Nixmb3JlY2FzdFBhZ2VUZXN0LG51cnN3Z3ZtbDAwNwoyMDE5LTAz
LTE4IDA3OjU5OjU3LjAwMCwxMi4xMixmb3JlY2FzdFBhZ2VUZXN0LG51cnN3Z3ZtbDAwNwoyMDE5
LTAzLTE4IDA4OjAwOjEzLjAwMCw0MC41OSxmb3JlY2FzdFBhZ2VUZXN0LG51cnN3Z3ZtbDAwNwoy
MDE5LTAzLTE4IDA4OjAwOjI5LjAwMCw4LjA4LGZvcmVjYXN0UGFnZVRlc3QsbnVyc3dndm1sMDA3
CjIwMTktMDMtMTggMDg6MDA6NDUuMDAwLDcuMDcsZm9yZWNhc3RQYWdlVGVzdCxudXJzd2d2bWww
MDcKMjAxOS0wMy0xOCAwODowMTowMS4wMDAsOS4yOCxmb3JlY2FzdFBhZ2VUZXN0LG51cnN3Z3Zt
bDAwNwoyMDE5LTAzLTE4IDA4OjAxOjE3LjAwMCwxMS4xMSxmb3JlY2FzdFBhZ2VUZXN0LG51cnN3
Z3ZtbDAwNwoyMDE5LTAzLTE4IDA4OjAxOjMzLjAwMCw5LjA5LGZvcmVjYXN0UGFnZVRlc3QsbnVy
c3dndm1sMDA3CjIwMTktMDMtMTggMDg6MDE6NDkuMDAwLDE1LjMxLGZvcmVjYXN0UGFnZVRlc3Qs
bnVyc3dndm1sMDA3CjIwMTktMDMtMTggMDg6MDI6MDUuMDAwLDE4LjE4LGZvcmVjYXN0UGFnZVRl
c3QsbnVyc3dndm1sMDA3CjIwMTktMDMtMTggMDg6MDI6MjEuMDAwLDExLjg4LGZvcmVjYXN0UGFn
ZVRlc3QsbnVyc3dndm1sMDA3CjIwMTktMDMtMTggMDg6MDI6MzcuMDAwLDE4LjM3LGZvcmVjYXN0
UGFnZVRlc3QsbnVyc3dndm1sMDA3CjIwMTktMDMtMTggMDg6MDI6NTMuMDAwLDg4LjI0LGZvcmVj
YXN0UGFnZVRlc3QsbnVyc3dndm1sMDA3CjIwMTktMDMtMTggMDg6MDM6MDkuMDAwLDYuMTIsZm9y
ZWNhc3RQYWdlVGVzdCxudXJzd2d2bWwwMDcKMjAxOS0wMy0xOCAwODowMzoyNS4wMDAsOC4wOCxm
b3JlY2FzdFBhZ2VUZXN0LG51cnN3Z3ZtbDAwNwoyMDE5LTAzLTE4IDA4OjAzOjQxLjAwMCwxMy40
LGZvcmVjYXN0UGFnZVRlc3QsbnVyc3dndm1sMDA3CjIwMTktMDMtMTggMDg6MDM6NTcuMDAwLDYu
MDYsZm9yZWNhc3RQYWdlVGVzdCxudXJzd2d2bWwwMDcKMjAxOS0wMy0xOCAwODowNDoxMy4wMDAs
MjcuNDUsZm9yZWNhc3RQYWdlVGVzdCxudXJzd2d2bWwwMDcKMjAxOS0wMy0xOCAwODowNDoyOS4w
MDAsOCxmb3JlY2FzdFBhZ2VUZXN0LG51cnN3Z3ZtbDAwNwoyMDE5LTAzLTE4IDA4OjA0OjQ1LjAw
MCw2LjA2LGZvcmVjYXN0UGFnZVRlc3QsbnVyc3dndm1sMDA3CjIwMTktMDMtMTggMDg6MDU6MDEu
MDAwLDY3LjM1LGZvcmVjYXN0UGFnZVRlc3QsbnVyc3dndm1sMDA3CjIwMTktMDMtMTggMDg6MDU6
MTcuMDAwLDUwLGZvcmVjYXN0UGFnZVRlc3QsbnVyc3dndm1sMDA3CjIwMTktMDMtMTggMDg6MDU6
MzMuMDAwLDIwLjQxLGZvcmVjYXN0UGFnZVRlc3QsbnVyc3dndm1sMDA3CjIwMTktMDMtMTggMDg6
MDU6NDkuMDAwLDI3LjU1LGZvcmVjYXN0UGFnZVRlc3QsbnVyc3dndm1sMDA3CjIwMTktMDMtMTgg
MDg6MDY6MDUuMDAwLDMuMDYsZm9yZWNhc3RQYWdlVGVzdCxudXJzd2d2bWwwMDcKMjAxOS0wMy0x
OCAwODowNjoyMS4wMDAsOC4wOCxmb3JlY2FzdFBhZ2VUZXN0LG51cnN3Z3ZtbDAwNwoyMDE5LTAz
LTE4IDA4OjA2OjM3LjAwMCwxOCxmb3JlY2FzdFBhZ2VUZXN0LG51cnN3Z3ZtbDAwNwoyMDE5LTAz
LTE4IDA4OjA2OjUzLjAwMCwxMS4yMixmb3JlY2FzdFBhZ2VUZXN0LG51cnN3Z3ZtbDAwNwoyMDE5
LTAzLTE4IDA4OjA3OjA5LjAwMCwxMS44OCxmb3JlY2FzdFBhZ2VUZXN0LG51cnN3Z3ZtbDAwNwoy
MDE5LTAzLTE4IDA4OjA3OjI1LjAwMCw4LjA4LGZvcmVjYXN0UGFnZVRlc3QsbnVyc3dndm1sMDA3
CjIwMTktMDMtMTggMDg6MDc6NDEuMDAwLDYsZm9yZWNhc3RQYWdlVGVzdCxudXJzd2d2bWwwMDcK
MjAxOS0wMy0xOCAwODowNzo1Ny4wMDAsNy4wNyxmb3JlY2FzdFBhZ2VUZXN0LG51cnN3Z3ZtbDAw
NwoyMDE5LTAzLTE4IDA4OjA4OjEzLjAwMCwxOCxmb3JlY2FzdFBhZ2VUZXN0LG51cnN3Z3ZtbDAw
NwoyMDE5LTAzLTE4IDA4OjA4OjI5LjAwMCwxMSxmb3JlY2FzdFBhZ2VUZXN0LG51cnN3Z3ZtbDAw
NwoyMDE5LTAzLTE4IDA4OjA4OjQ1LjAwMCwzMy4zMyxmb3JlY2FzdFBhZ2VUZXN0LG51cnN3Z3Zt
bDAwNwoyMDE5LTAzLTE4IDA4OjA5OjAxLjAwMCwxMC4xLGZvcmVjYXN0UGFnZVRlc3QsbnVyc3dn
dm1sMDA3CjIwMTktMDMtMTggMDg6MDk6MTcuMDAwLDE5LjE5LGZvcmVjYXN0UGFnZVRlc3QsbnVy
c3dndm1sMDA3CjIwMTktMDMtMTggMDg6MDk6MzMuMDAwLDI3LGZvcmVjYXN0UGFnZVRlc3QsbnVy
c3dndm1sMDA3CjIwMTktMDMtMTggMDg6MDk6NDkuMDAwLDE0LGZvcmVjYXN0UGFnZVRlc3QsbnVy
c3dndm1sMDA3CjIwMTktMDMtMTggMDg6MTA6MDUuMDAwLDEwMCxmb3JlY2FzdFBhZ2VUZXN0LG51
cnN3Z3ZtbDAwNwoyMDE5LTAzLTE4IDA4OjEwOjIxLjAwMCw5Ny4wMyxmb3JlY2FzdFBhZ2VUZXN0
LG51cnN3Z3ZtbDAwNwoyMDE5LTAzLTE4IDA4OjEwOjM3LjAwMCwxMDAsZm9yZWNhc3RQYWdlVGVz
dCxudXJzd2d2bWwwMDcKMjAxOS0wMy0xOCAwODoxMDo1My4wMDAsMTAuMzEsZm9yZWNhc3RQYWdl
VGVzdCxudXJzd2d2bWwwMDcKMjAxOS0wMy0xOCAwODoxMTowOS4wMDAsMTAsZm9yZWNhc3RQYWdl
VGVzdCxudXJzd2d2bWwwMDcK</csvExampleInOriginalEncoding>
    <stopCondition>NONE</stopCondition>
    <timestampLocale>ENGLISH</timestampLocale>
    <maxColumns>256</maxColumns>
  </com.axibase.tsd.model.csv.WizardBasedCsvConfiguration>
</list>